2018-01-04 12:35:39,155 - __main__ - INFO - *****************************Generator has started.****************************************
2018-01-04 12:35:39,177 - __main__ - INFO - CN started.
2018-01-04 13:07:45,302 - __main__ - INFO - CN finnished.
2018-01-04 13:07:45,302 - __main__ - INFO - 0:32:06.125000
2018-01-04 13:09:04,519 - __main__ - INFO - *****************************Generator has started.****************************************
2018-01-04 13:09:04,556 - __main__ - INFO - RT started.
2018-01-04 13:11:09,190 - __main__ - INFO - RT finnished.
2018-01-04 13:11:09,190 - __main__ - INFO - 0:02:04.633000
2018-01-04 15:51:04,507 - __main__ - INFO - *****************************Generator has started.****************************************
2018-01-04 15:51:04,529 - __main__ - INFO - CS started.
2018-01-04 16:59:39,316 - __main__ - INFO - CS finnished.
2018-01-04 16:59:39,316 - __main__ - INFO - 1:08:34.788000
2018-01-04 16:59:39,316 - __main__ - INFO - CT started.
2018-01-04 18:18:01,832 - __main__ - INFO - CT finnished.
2018-01-04 18:18:01,832 - __main__ - INFO - 1:18:22.515000
2018-01-08 11:11:22,596 - __main__ - INFO - *****************************Generator has started.****************************************
2018-01-08 11:11:22,756 - __main__ - INFO - DA started.
2018-01-09 05:55:19,473 - __main__ - INFO - DA finnished.
2018-01-09 05:55:19,473 - __main__ - INFO - 18:43:56.717000


2018-01-09 11:18:23,345 - __main__ - INFO - RG started.
2018-01-09 11:42:52,677 - __main__ - INFO - RG finnished.
2018-01-09 11:42:52,677 - __main__ - INFO - 0:24:29.333000
